<?xml version="1.0" encoding="UTF-8"?>
<!-- Generated by org.testng.reporters.JUnitReportReporter -->
<testsuite hostname="SYAA-DT-060" failures="0" tests="1" name="OEMTestCases.LoginText" time="2.237" errors="0" timestamp="2025-06-21T17:06:33 IST" skipped="0">
  <testcase classname="OEMTestCases.LoginText" name="logintest" time="2.237"/>
</testsuite> <!-- OEMTestCases.LoginText -->
