<?xml version="1.0" encoding="UTF-8"?>
<!-- Generated by org.testng.reporters.JUnitReportReporter -->
<testsuite hostname="SYAA-DT-060" failures="0" tests="2" name="JavaWithSelenuim.grouptestmethod" time="0.012" errors="0" timestamp="2025-07-28T16:08:33 IST" skipped="0">
  <testcase classname="JavaWithSelenuim.grouptestmethod" name="loginTest" time="0.010"/>
  <testcase classname="JavaWithSelenuim.grouptestmethod" name="searchTest" time="0.002"/>
</testsuite> <!-- JavaWithSelenuim.grouptestmethod -->
